Arguments: 
  /snap/node/1872/bin/node /snap/node/1872/bin/yarn.js init

PATH: 
  /home/thorben/bin:/usr/local/bin:/usr/local/sbin:/home/thorben/bin:/usr/sbin:/usr/bin:/sbin:/bin:/usr/games:/usr/local/games:/snap/bin

Yarn version: 
  1.15.2

Node version: 
  11.13.0

Platform: 
  linux x64

Trace: 
  Error: canceled
      at Interface.<anonymous> (/snap/node/1872/lib/cli.js:125801:13)
      at Interface.emit (events.js:193:13)
      at Interface._ttyWrite (readline.js:820:16)
      at ReadStream.onkeypress (readline.js:184:10)
      at ReadStream.emit (events.js:193:13)
      at emitKeys (internal/readline.js:424:14)
      at emitKeys.next (<anonymous>)
      at ReadStream.onData (readline.js:1093:36)
      at ReadStream.emit (events.js:193:13)
      at addChunk (_stream_readable.js:296:12)

npm manifest: 
  No manifest

yarn manifest: 
  No manifest

Lockfile: 
  No lockfile
